<?xml version="1.0" encoding="UTF-8"?>
<testsuite xmlns:xsi="http://www.w3.org/2001/XMLSchema-instance" xsi:noNamespaceSchemaLocation="https://maven.apache.org/surefire/maven-surefire-plugin/xsd/surefire-test-report-3.0.xsd" version="3.0" name="com.demo.StringTest" time="0.437" tests="27" errors="0" skipped="0" failures="0">
  <properties>
[...]
</properties>
  <testcase name="checkTheUppercaseWithParameterized(String, String)[1]" classname="com.demo.StringTest" time="0.067">
    <system-out><![CDATA[Initailizing the database connection
Initialize the test data : [1] abc, ABC
Clean up the test data
]]></system-out>
    <system-err><![CDATA[Jan 13, 2024 10:27:25 PM org.junit.jupiter.engine.discovery.MethodSelectorResolver resolve
WARNING: Possible configuration error: method [void com.demo.StringTest.lengthGreaterThanZero()] resulted in multiple TestDescriptors [org.junit.jupiter.engine.descriptor.TestTemplateTestDescriptor, org.junit.jupiter.engine.descriptor.TestMethodTestDescriptor]. This is typically the result of annotating a method with multiple competing annotations such as @Test, @RepeatedTest, @ParameterizedTest, @TestFactory, etc.
Jan 13, 2024 10:27:25 PM org.junit.jupiter.engine.discovery.MethodSelectorResolver resolve
WARNING: Possible configuration error: method [void com.demo.StringTest.lengthGreaterThanZero()] resulted in multiple TestDescriptors [org.junit.jupiter.engine.descriptor.TestMethodTestDescriptor, org.junit.jupiter.engine.descriptor.TestTemplateTestDescriptor]. This is typically the result of annotating a method with multiple competing annotations such as @Test, @RepeatedTest, @ParameterizedTest, @TestFactory, etc.
]]></system-err>
  </testcase>
  <testcase name="checkTheUppercaseWithParameterized(String, String)[2]" classname="com.demo.StringTest" time="0.006">
    <system-out><![CDATA[Initialize the test data : [2] abcd, ABCD
Clean up the test data
]]></system-out>
  </testcase>
  <testcase name="checkTheUppercaseWithParameterized(String, String)[3]" classname="com.demo.StringTest" time="0.005">
    <system-out><![CDATA[Initialize the test data : [3] , 
Clean up the test data
]]></system-out>
  </testcase>
  <testcase name="checkTheUppercaseWithParameterized(String, String)[4]" classname="com.demo.StringTest" time="0.004">
    <system-out><![CDATA[Initialize the test data : [4] hello, HELLO
Clean up the test data
]]></system-out>
  </testcase>
  <testcase name="checkLengthWithParameterized(String, int)[1]" classname="com.demo.StringTest" time="0.002">
    <system-out><![CDATA[Initialize the test data : abc length is 3
Clean up the test data
]]></system-out>
  </testcase>
  <testcase name="checkLengthWithParameterized(String, int)[2]" classname="com.demo.StringTest" time="0.003">
    <system-out><![CDATA[Initialize the test data : abcd length is 4
Clean up the test data
]]></system-out>
  </testcase>
  <testcase name="checkLengthWithParameterized(String, int)[3]" classname="com.demo.StringTest" time="0.003">
    <system-out><![CDATA[Initialize the test data : abcdef length is 6
Clean up the test data
]]></system-out>
  </testcase>
  <testcase name="lengthGreaterThanZero" classname="com.demo.StringTest" time="0.002">
    <system-out><![CDATA[Initialize the test data : When length is greater than zero, return true
Clean up the test data
]]></system-out>
  </testcase>
  <testcase name="lengthGreaterThanZero" classname="com.demo.StringTest" time="0.001">
    <system-out><![CDATA[Initialize the test data : repetition 1 of 10
Clean up the test data
]]></system-out>
  </testcase>
  <testcase name="lengthGreaterThanZero" classname="com.demo.StringTest" time="0.002">
    <system-out><![CDATA[Initialize the test data : repetition 2 of 10
Clean up the test data
]]></system-out>
  </testcase>
  <testcase name="lengthGreaterThanZero" classname="com.demo.StringTest" time="0.005">
    <system-out><![CDATA[Initialize the test data : repetition 3 of 10
Clean up the test data
]]></system-out>
  </testcase>
  <testcase name="lengthGreaterThanZero" classname="com.demo.StringTest" time="0.001">
    <system-out><![CDATA[Initialize the test data : repetition 4 of 10
Clean up the test data
]]></system-out>
  </testcase>
  <testcase name="lengthGreaterThanZero" classname="com.demo.StringTest" time="0.003">
    <system-out><![CDATA[Initialize the test data : repetition 5 of 10
Clean up the test data
]]></system-out>
  </testcase>
  <testcase name="lengthGreaterThanZero" classname="com.demo.StringTest" time="0.003">
    <system-out><![CDATA[Initialize the test data : repetition 6 of 10
Clean up the test data
]]></system-out>
  </testcase>
  <testcase name="lengthGreaterThanZero" classname="com.demo.StringTest" time="0.001">
    <system-out><![CDATA[Initialize the test data : repetition 7 of 10
Clean up the test data
]]></system-out>
  </testcase>
  <testcase name="lengthGreaterThanZero" classname="com.demo.StringTest" time="0.004">
    <system-out><![CDATA[Initialize the test data : repetition 8 of 10
Clean up the test data
]]></system-out>
  </testcase>
  <testcase name="lengthGreaterThanZero" classname="com.demo.StringTest" time="0.001">
    <system-out><![CDATA[Initialize the test data : repetition 9 of 10
Clean up the test data
]]></system-out>
  </testcase>
  <testcase name="lengthGreaterThanZero" classname="com.demo.StringTest" time="0.002">
    <system-out><![CDATA[Initialize the test data : repetition 10 of 10
Clean up the test data
]]></system-out>
  </testcase>
  <testcase name="lengthGreaterThanZeroUsingParameterized(String)[1]" classname="com.demo.StringTest" time="0.001">
    <system-out><![CDATA[Initialize the test data : [1] ABC
Clean up the test data
]]></system-out>
  </testcase>
  <testcase name="lengthGreaterThanZeroUsingParameterized(String)[2]" classname="com.demo.StringTest" time="0.001">
    <system-out><![CDATA[Initialize the test data : [2] ABC
Clean up the test data
]]></system-out>
  </testcase>
  <testcase name="lengthGreaterThanZeroUsingParameterized(String)[3]" classname="com.demo.StringTest" time="0.004">
    <system-out><![CDATA[Initialize the test data : [3] ABCDEFGH
Clean up the test data
]]></system-out>
  </testcase>
  <testcase name="upperCaseBasic" classname="com.demo.StringTest" time="0.001">
    <system-out><![CDATA[Initialize the test data : upperCaseBasic()
Clean up the test data
]]></system-out>
  </testcase>
  <testcase name="checkSplitMethod" classname="com.demo.StringTest" time="0.002">
    <system-out><![CDATA[Initialize the test data : checkSplitMethod()
Clean up the test data
]]></system-out>
  </testcase>
  <testcase name="checkNullPointerExceptionOnLength" classname="com.demo.StringTest" time="0.002">
    <system-out><![CDATA[Initialize the test data : when length is null, throw an NullPointerException
Clean up the test data
]]></system-out>
  </testcase>
  <testcase name="checkPerformance" classname="com.demo.StringTest" time="0.003">
    <system-out><![CDATA[Initialize the test data : checkPerformance()
Clean up the test data
]]></system-out>
  </testcase>
  <testcase name="testLength" classname="com.demo.StringTest" time="0">
    <system-out><![CDATA[Initialize the test data : testLength()
Clean up the test data
]]></system-out>
  </testcase>
  <testcase name="lowerCaseBasic" classname="com.demo.StringTest" time="0.003">
    <system-out><![CDATA[Initialize the test data : Checks the lowercase of message string
Clean up the test data
]]></system-out>
  </testcase>
</testsuite>